<?xml version="1.0" encoding="UTF-8"?>
<!-- Generated by org.testng.reporters.JUnitReportReporter -->
<testsuite hostname="Goswamy" failures="0" tests="2" name="TestNGGroups.Group1" time="15.102" errors="0" timestamp="2024-03-05T10:27:06 IST" skipped="0">
  <testcase classname="TestNGGroups.Group1" name="googleMaps" time="10.716"/>
  <system-out/>
  <testcase classname="TestNGGroups.Group1" name="group1" time="4.386"/>
  <system-out/>
</testsuite> <!-- TestNGGroups.Group1 -->
