<?xml version="1.0" encoding="UTF-8"?>
<!-- Generated by org.testng.reporters.JUnitReportReporter -->
<testsuite hostname="Goswamy" failures="0" tests="3" name="TestNG_DataProvider.RunnerClass_DataPro" time="0.014" errors="0" timestamp="2024-03-05T10:33:52 IST" skipped="0">
  <testcase classname="TestNG_DataProvider.RunnerClass_DataPro" name="Login" time="0.002"/>
  <system-out/>
  <testcase classname="TestNG_DataProvider.RunnerClass_DataPro" name="Login" time="0.002"/>
  <system-out/>
  <testcase classname="TestNG_DataProvider.RunnerClass_DataPro" name="Login" time="0.010"/>
  <system-out/>
</testsuite> <!-- TestNG_DataProvider.RunnerClass_DataPro -->
