<?xml version="1.0" encoding="UTF-8"?>
<!-- Generated by org.testng.reporters.JUnitReportReporter -->
<testsuite hostname="Goswamy" failures="0" tests="1" name="PropertyFiles.Property_Files" time="0.008" errors="0" timestamp="2024-03-04T10:28:27 IST" skipped="0">
  <testcase classname="PropertyFiles.Property_Files" name="fetchdata" time="0.008"/>
  <system-out/>
</testsuite> <!-- PropertyFiles.Property_Files -->
