<?xml version="1.0" encoding="UTF-8"?>
<!-- Generated by org.testng.reporters.JUnitReportReporter -->
<testsuite hostname="Goswamy" failures="0" tests="2" name="Listeners.Listener_Runner" time="34.454" errors="0" timestamp="2024-03-07T23:01:11 IST" skipped="0">
  <testcase classname="Listeners.Listener_Runner" name="fb_login" time="17.681"/>
  <system-out/>
  <testcase classname="Listeners.Listener_Runner" name="fb_login" time="16.773"/>
  <system-out/>
</testsuite> <!-- Listeners.Listener_Runner -->
