<?xml version="1.0" encoding="UTF-8"?>
<!-- Generated by org.testng.reporters.JUnitReportReporter -->
<testsuite hostname="Goswamy" failures="0" tests="2" name="Runner_Scripts.Runner_FB" time="34.271" errors="0" timestamp="2024-03-07T22:26:42 IST" skipped="0">
  <testcase classname="Runner_Scripts.Runner_FB" name="fb_login" time="17.340"/>
  <system-out/>
  <testcase classname="Runner_Scripts.Runner_FB" name="fb_login" time="16.931"/>
  <system-out/>
</testsuite> <!-- Runner_Scripts.Runner_FB -->
