<?xml version="1.0" encoding="UTF-8"?>
<!-- Generated by org.testng.reporters.JUnitReportReporter -->
<testsuite hostname="Goswamy" failures="0" tests="2" name="Parallel_Execution.Parallel_01" time="11.777" errors="0" timestamp="2024-02-29T10:42:42 IST" skipped="0">
  <testcase classname="Parallel_Execution.Parallel_01" name="execute" time="6.658"/>
  <system-out/>
  <testcase classname="Parallel_Execution.Parallel_01" name="execute" time="5.119"/>
  <system-out/>
</testsuite> <!-- Parallel_Execution.Parallel_01 -->
